
==#==> created obj <mlObject>

==#==> created obj <mlMovimentInstance>
  #> position X: 100 # Y: 100
  #> size of trace: 0
  #> trace delay: 0

==#==> created obj <mlMovimentKeys>
  #> position X: 100 # Y: 100
  #> velocity: 2

==#==> created obj <mlSheet>
  #> cols: 12
  #> rows: 8
  #> width: 576
  #> height: 576
  #> totalCells: 96
  #> cell: width: 48 # height: 72
  #> cellCenter: width: 24 # height: 36

==#==> created obj <mlFormat>
  #> queue size: 1
  #> X: 100 # Y: 100
  #> Width: 48 # Height: 72

==#==> created obj <mlAnimationInstance>
  #> interval:  21
  #> direction:  2
  #> rangeOfCells:  3
  #> step:  1

==#==> created obj <mlAnimation>
  #> index:  1
  #> start:  0
  #> end:  2
  #> jump:  0
  #> flip:  -1

==#==> created obj <mlAnimation>
  #> index:  13
  #> start:  12
  #> end:  14
  #> jump:  0
  #> flip:  -1

==#==> created obj <mlAnimation>
  #> index:  25
  #> start:  24
  #> end:  26
  #> jump:  0
  #> flip:  -1

==#==> created obj <mlAnimation>
  #> index:  37
  #> start:  36
  #> end:  38
  #> jump:  0
  #> flip:  -1

==#==> created obj <mlMovimentInstance>
  #> position X: -100 # Y: -100
  #> size of trace: 0
  #> trace delay: 0

==#==> created obj <mlMovimentAuto>
  #> position X: -100 # Y: -100

==#==> created obj <mlSheet>
  #> cols: 32
  #> rows: 32
  #> width: 1024
  #> height: 1024
  #> totalCells: 1024
  #> cell: width: 32 # height: 32
  #> cellCenter: width: 16 # height: 16

==#==> created obj <mlAnimationInstance>
  #> interval:  3
  #> direction:  0
  #> rangeOfCells:  12
  #> step:  1

==#==> created obj <mlAnimation>
  #> index:  -1
  #> start:  0
  #> end:  11
  #> jump:  0
  #> flip:  -1

==#==> destructing obj <mlAnimation>

==#==> destructing obj <mlSheet>

==#==> destructing obj <mlMovimentAuto>

==#==> destructing obj <mlMovimentInstance>

==#==> destructing obj <mlObject>

==#==> destructing obj <mlAnimation>

==#==> destructing obj <mlAnimation>

==#==> destructing obj <mlAnimation>

==#==> destructing obj <mlAnimation>

==#==> destructing obj <mlSheet>

==#==> destructing obj <mlFormat>

==#==> destructing obj <mlMovimentKeys>

==#==> destructing obj <mlMovimentInstance>
